Wed Jul 31 16:17:23 2013 : Started downloading JABONG 
Wed Jul 31 16:17:40 2013 : Downloading JABONG complete
Wed Jul 31 16:17:40 2013 : JABONG response code 200
Wed Jul 31 16:20:58 2013 : Started downloading FREECULTR 
Wed Jul 31 16:21:02 2013 : Downloading FREECULTR complete
Wed Jul 31 16:21:02 2013 : FREECULTR response code 200
Wed Jul 31 16:26:34 2013 : Started downloading INKFRUIT 
Wed Jul 31 16:26:39 2013 : Downloading INKFRUIT complete
Wed Jul 31 16:26:39 2013 : INKFRUIT response code 200
Wed Jul 31 16:33:15 2013 : Started downloading INKFRUIT 
Wed Jul 31 16:33:21 2013 : Downloading INKFRUIT complete
Wed Jul 31 16:33:21 2013 : INKFRUIT response code 200
Wed Jul 31 16:34:35 2013 : Started downloading INKFRUIT 
Wed Jul 31 16:34:37 2013 : Downloading INKFRUIT complete
Wed Jul 31 16:34:37 2013 : INKFRUIT response code 200
Wed Jul 31 16:34:41 2013 : Started downloading INKFRUIT 
Wed Jul 31 16:34:42 2013 : Downloading INKFRUIT complete
Wed Jul 31 16:34:42 2013 : INKFRUIT response code 200
Wed Jul 31 16:36:14 2013 : Started downloading INKFRUIT 
Wed Jul 31 16:36:16 2013 : Downloading INKFRUIT complete
Wed Jul 31 16:36:16 2013 : INKFRUIT response code 200
Wed Jul 31 16:36:47 2013 : Started downloading INKFRUIT 
Wed Jul 31 16:36:49 2013 : Downloading INKFRUIT complete
Wed Jul 31 16:36:49 2013 : INKFRUIT response code 200
Wed Jul 31 16:39:19 2013 : Started downloading Inkfruit 
Wed Jul 31 16:39:20 2013 : Downloading Inkfruit complete
Wed Jul 31 16:39:20 2013 : Inkfruit response code 200
Wed Jul 31 16:40:05 2013 : Started downloading Inkfruit 
Wed Jul 31 16:40:05 2013 : Downloading Inkfruit complete
Wed Jul 31 16:40:05 2013 : Inkfruit response code 200
Wed Jul 31 16:43:46 2013 : Started downloading Inkfruit 
Wed Jul 31 16:43:47 2013 : Downloading Inkfruit complete
Wed Jul 31 16:43:47 2013 : Inkfruit response code 200
Wed Jul 31 16:45:39 2013 : Started downloading Inkfruit 
Wed Jul 31 16:45:41 2013 : Downloading Inkfruit complete
Wed Jul 31 16:45:41 2013 : Inkfruit response code 200
Wed Jul 31 16:46:32 2013 : Started downloading Inkfruit 
Wed Jul 31 16:46:33 2013 : Downloading Inkfruit complete
Wed Jul 31 16:46:33 2013 : Inkfruit response code 200
Wed Jul 31 16:46:47 2013 : Started downloading Inkfruit 
Wed Jul 31 16:46:48 2013 : Downloading Inkfruit complete
Wed Jul 31 16:46:48 2013 : Inkfruit response code 200
Wed Jul 31 16:47:12 2013 : Started downloading Inkfruit 
Wed Jul 31 16:47:13 2013 : Downloading Inkfruit complete
Wed Jul 31 16:47:13 2013 : Inkfruit response code 200
Fri Aug  2 15:31:28 2013 : Started downloading ZOVI 
Fri Aug  2 15:31:32 2013 : Downloading ZOVI complete
Fri Aug  2 15:31:32 2013 : ZOVI response code 200
Fri Aug  2 15:32:32 2013 : Started downloading ZOVI 
Fri Aug  2 15:32:33 2013 : Downloading ZOVI complete
Fri Aug  2 15:32:33 2013 : ZOVI response code 200
Fri Aug  2 15:34:13 2013 : Started downloading ZOVI 
Fri Aug  2 15:34:14 2013 : Downloading ZOVI complete
Fri Aug  2 15:34:14 2013 : ZOVI response code 200
Fri Aug  2 15:35:15 2013 : Started downloading ZOVI 
Fri Aug  2 15:35:17 2013 : Downloading ZOVI complete
Fri Aug  2 15:35:17 2013 : ZOVI response code 200
Fri Aug  2 15:35:34 2013 : Started downloading ZOVI 
Fri Aug  2 15:35:36 2013 : Downloading ZOVI complete
Fri Aug  2 15:35:36 2013 : ZOVI response code 200
Fri Aug  2 15:36:19 2013 : Started downloading ZOVI 
Fri Aug  2 15:36:21 2013 : Downloading ZOVI complete
Fri Aug  2 15:36:21 2013 : ZOVI response code 200
Fri Aug  2 15:39:09 2013 : Started downloading FREECULTR 
Fri Aug  2 15:39:11 2013 : Downloading FREECULTR complete
Fri Aug  2 15:39:11 2013 : FREECULTR response code 200
Fri Aug  2 15:42:07 2013 : Started downloading FREECULTR 
Fri Aug  2 15:42:10 2013 : Downloading FREECULTR complete
Fri Aug  2 15:42:10 2013 : FREECULTR response code 200
Fri Aug  2 16:06:14 2013 : Started downloading FREECULTR 
Fri Aug  2 16:06:15 2013 : Downloading FREECULTR complete
Fri Aug  2 16:06:15 2013 : FREECULTR response code 200
Fri Aug  2 16:07:03 2013 : Started downloading FREECULTR 
Fri Aug  2 16:07:05 2013 : Downloading FREECULTR complete
Fri Aug  2 16:07:05 2013 : FREECULTR response code 200
Fri Aug  2 16:07:11 2013 : Started downloading ZOVI 
Fri Aug  2 16:07:14 2013 : Downloading ZOVI complete
Fri Aug  2 16:07:14 2013 : ZOVI response code 200
Fri Aug  2 16:08:27 2013 : Started downloading ZOVI 
Fri Aug  2 16:08:27 2013 : Downloading ZOVI complete
Fri Aug  2 16:08:27 2013 : ZOVI response code 200
Fri Aug  2 16:09:53 2013 : Started downloading ZOVI 
Fri Aug  2 16:09:54 2013 : Downloading ZOVI complete
Fri Aug  2 16:09:54 2013 : ZOVI response code 200
Fri Aug  2 16:11:28 2013 : Started downloading ZOVI 
Fri Aug  2 16:11:29 2013 : Downloading ZOVI complete
Fri Aug  2 16:11:29 2013 : ZOVI response code 200
Fri Aug  2 16:31:06 2013 : Started downloading ZOVI 
Fri Aug  2 16:31:07 2013 : Downloading ZOVI complete
Fri Aug  2 16:31:07 2013 : ZOVI response code 200
Mon Aug  5 16:18:34 2013 : Started downloading ZOVI 
Mon Aug  5 16:18:43 2013 : Downloading ZOVI complete
Mon Aug  5 16:18:43 2013 : ZOVI response code 200
Mon Aug  5 16:24:35 2013 : Started downloading ZOVI 
Mon Aug  5 16:24:41 2013 : Downloading ZOVI complete
Mon Aug  5 16:24:41 2013 : ZOVI response code 200
Mon Aug  5 16:25:03 2013 : Started downloading ZOVI 
Mon Aug  5 16:25:05 2013 : Downloading ZOVI complete
Mon Aug  5 16:25:05 2013 : ZOVI response code 200
Mon Aug  5 16:26:01 2013 : Started downloading GOOGLE 
Mon Aug  5 16:26:03 2013 : Downloading GOOGLE complete
Mon Aug  5 16:26:03 2013 : GOOGLE response code 200
Mon Aug  5 19:42:52 2013 : Started downloading ZOVI 
Mon Aug  5 19:42:55 2013 : Downloading ZOVI complete
Mon Aug  5 19:42:55 2013 : ZOVI response code 200
Mon Aug  5 19:51:12 2013 : Started downloading ZOVI 
Mon Aug  5 19:51:15 2013 : Downloading ZOVI complete
Mon Aug  5 19:51:15 2013 : ZOVI response code 200
Mon Aug  5 19:52:15 2013 : Started downloading ZOVI 
Mon Aug  5 19:52:16 2013 : Downloading ZOVI complete
Mon Aug  5 19:52:16 2013 : ZOVI response code 200
Mon Aug  5 19:53:01 2013 : Started downloading ZOVI 
Mon Aug  5 19:53:02 2013 : Downloading ZOVI complete
Mon Aug  5 19:53:02 2013 : ZOVI response code 200
Tue Aug  6 00:44:01 2013 : Started downloading ZOVI 
Tue Aug  6 00:44:06 2013 : Downloading ZOVI complete
Tue Aug  6 00:44:06 2013 : ZOVI response code 200
Tue Aug  6 00:44:58 2013 : Started downloading ZOVI 
Tue Aug  6 00:44:59 2013 : Downloading ZOVI complete
Tue Aug  6 00:44:59 2013 : ZOVI response code 200
Tue Aug  6 00:45:31 2013 : Started downloading ZOVI 
Tue Aug  6 00:45:31 2013 : Downloading ZOVI complete
Tue Aug  6 00:45:31 2013 : ZOVI response code 200
Tue Aug  6 00:46:25 2013 : Started downloading ZOVI 
Tue Aug  6 00:46:28 2013 : Downloading ZOVI complete
Tue Aug  6 00:46:28 2013 : ZOVI response code 200
Tue Aug  6 00:46:48 2013 : Started downloading ZOVI 
Tue Aug  6 00:46:49 2013 : Downloading ZOVI complete
Tue Aug  6 00:46:49 2013 : ZOVI response code 200
Tue Aug  6 00:47:54 2013 : Started downloading ZOMATO 
Tue Aug  6 00:47:59 2013 : Downloading ZOMATO complete
Tue Aug  6 00:47:59 2013 : ZOMATO response code 200
Tue Aug  6 00:56:03 2013 : Started downloading ZOMATO 
Tue Aug  6 00:56:04 2013 : Downloading ZOMATO complete
Tue Aug  6 00:56:04 2013 : ZOMATO response code 200
Tue Aug  6 00:57:33 2013 : Started downloading ZOMATO 
Tue Aug  6 00:57:35 2013 : Downloading ZOMATO complete
Tue Aug  6 00:57:35 2013 : ZOMATO response code 200
Tue Aug  6 00:58:26 2013 : Started downloading ZOMATO 
Tue Aug  6 00:58:27 2013 : Downloading ZOMATO complete
Tue Aug  6 00:58:27 2013 : ZOMATO response code 200
Tue Aug  6 00:59:14 2013 : Started downloading ZOMATO 
Tue Aug  6 00:59:15 2013 : Downloading ZOMATO complete
Tue Aug  6 00:59:15 2013 : ZOMATO response code 200
Tue Aug  6 01:01:10 2013 : Started downloading ZOMATO 
Tue Aug  6 01:01:11 2013 : Downloading ZOMATO complete
Tue Aug  6 01:01:11 2013 : ZOMATO response code 200
Tue Aug  6 01:01:33 2013 : Started downloading ZOMATO 
Tue Aug  6 01:01:34 2013 : Downloading ZOMATO complete
Tue Aug  6 01:01:34 2013 : ZOMATO response code 200
Tue Aug  6 01:02:29 2013 : Started downloading ZOMATO 
Tue Aug  6 01:02:30 2013 : Downloading ZOMATO complete
Tue Aug  6 01:02:30 2013 : ZOMATO response code 200
Tue Aug  6 01:05:19 2013 : Started downloading ZOMATO 
Tue Aug  6 01:05:20 2013 : Downloading ZOMATO complete
Tue Aug  6 01:05:20 2013 : ZOMATO response code 200
Tue Aug  6 01:05:26 2013 : Started downloading ZOMATO 
Tue Aug  6 01:05:27 2013 : Downloading ZOMATO complete
Tue Aug  6 01:05:27 2013 : ZOMATO response code 200
Tue Aug  6 01:06:30 2013 : Started downloading ZOMATO 
Tue Aug  6 01:06:31 2013 : Downloading ZOMATO complete
Tue Aug  6 01:06:31 2013 : ZOMATO response code 200
Tue Aug  6 01:12:25 2013 : Started downloading ZOMATO 
Tue Aug  6 01:12:26 2013 : Downloading ZOMATO complete
Tue Aug  6 01:12:26 2013 : ZOMATO response code 200
Tue Aug  6 01:16:06 2013 : Started downloading ZOMATO 
Tue Aug  6 01:16:07 2013 : Downloading ZOMATO complete
Tue Aug  6 01:16:07 2013 : ZOMATO response code 200
Tue Aug  6 01:16:16 2013 : Started downloading ZOMATO 
Tue Aug  6 01:16:17 2013 : Downloading ZOMATO complete
Tue Aug  6 01:16:17 2013 : ZOMATO response code 200
Tue Aug  6 15:00:00 2013 : Started downloading ZOMATO 
Tue Aug  6 15:00:03 2013 : Downloading ZOMATO complete
Tue Aug  6 15:00:03 2013 : ZOMATO response code 200
Tue Aug  6 15:00:59 2013 : Started downloading ZOMATO 
Tue Aug  6 15:00:59 2013 : Downloading ZOMATO complete
Tue Aug  6 15:00:59 2013 : ZOMATO response code 200
Tue Aug  6 15:01:30 2013 : Started downloading ZOMATO 
Tue Aug  6 15:01:30 2013 : Downloading ZOMATO complete
Tue Aug  6 15:01:30 2013 : ZOMATO response code 200
Tue Aug  6 15:33:58 2013 : Started downloading ZOMATO 
Tue Aug  6 15:34:00 2013 : Downloading ZOMATO complete
Tue Aug  6 15:34:00 2013 : ZOMATO response code 200
Tue Aug  6 15:34:27 2013 : Started downloading ZOMATO 
Tue Aug  6 15:34:28 2013 : Downloading ZOMATO complete
Tue Aug  6 15:34:28 2013 : ZOMATO response code 200
Tue Aug  6 15:37:23 2013 : Started downloading ZOVI 
Tue Aug  6 15:37:27 2013 : Downloading ZOVI complete
Tue Aug  6 15:37:27 2013 : ZOVI response code 200
Tue Aug  6 15:40:05 2013 : Started downloading BENETTON 
Tue Aug  6 15:40:07 2013 : Downloading BENETTON complete
Tue Aug  6 15:40:07 2013 : BENETTON response code 200
Tue Aug  6 15:41:15 2013 : Started downloading BENETTON 
Tue Aug  6 15:41:18 2013 : Downloading BENETTON complete
Tue Aug  6 15:41:18 2013 : BENETTON response code 200
Tue Aug  6 15:53:43 2013 : Started downloading BENETTON 
Tue Aug  6 15:53:55 2013 : Downloading BENETTON complete
Tue Aug  6 15:53:55 2013 : BENETTON response code 200
Tue Aug  6 15:54:48 2013 : Started downloading YOUPORN 
Tue Aug  6 15:54:48 2013 : Downloading YOUPORN complete
Tue Aug  6 15:54:48 2013 : YOUPORN response code 200
Tue Aug  6 16:21:18 2013 : Started downloading ZOVI 
Tue Aug  6 16:21:22 2013 : Downloading ZOVI complete
Tue Aug  6 16:21:22 2013 : ZOVI response code 200
Tue Aug  6 16:22:11 2013 : Started downloading ZOVI 
Tue Aug  6 16:22:12 2013 : Downloading ZOVI complete
Tue Aug  6 16:22:12 2013 : ZOVI response code 200
Tue Aug  6 16:23:18 2013 : Started downloading ZOVI 
Tue Aug  6 16:23:24 2013 : Downloading ZOVI complete
Tue Aug  6 16:23:24 2013 : ZOVI response code 200
Tue Aug  6 16:42:14 2013 : Started downloading ZOVI 
Tue Aug  6 16:42:23 2013 : Downloading ZOVI complete
Tue Aug  6 16:42:23 2013 : ZOVI response code 200
Tue Aug  6 16:43:27 2013 : Started downloading ZOVI 
Tue Aug  6 16:43:33 2013 : Downloading ZOVI complete
Tue Aug  6 16:43:33 2013 : ZOVI response code 200
Wed Aug  7 15:50:37 2013 : Started downloading ROTARY CLUB SHIMLA 
Wed Aug  7 15:50:44 2013 : Downloading ROTARY CLUB SHIMLA complete
Wed Aug  7 15:50:44 2013 : ROTARY CLUB SHIMLA response code 200
Wed Aug  7 15:52:16 2013 : Started downloading ROTARY CLUB SHIMLA 
Wed Aug  7 15:52:20 2013 : Downloading ROTARY CLUB SHIMLA complete
Wed Aug  7 15:52:20 2013 : ROTARY CLUB SHIMLA response code 200
Wed Aug  7 15:52:20 2013 : Started downloading ROTARY CLUB SHIMLA 
Wed Aug  7 15:52:34 2013 : Downloading ROTARY CLUB SHIMLA complete
Wed Aug  7 15:52:34 2013 : ROTARY CLUB SHIMLA response code 200
Wed Aug  7 15:53:48 2013 : Started downloading http://rotaryclubofshimla.org/ 
Wed Aug  7 15:53:49 2013 : Downloading http://rotaryclubofshimla.org/ complete
Wed Aug  7 15:53:49 2013 : http://rotaryclubofshimla.org/ response code 200
Wed Aug  7 15:53:49 2013 : Started downloading http://www.rotary.org/en/Members/Events/Convention/Pages/ridefault.aspx?housead 
Wed Aug  7 15:53:55 2013 : Downloading http://www.rotary.org/en/Members/Events/Convention/Pages/ridefault.aspx?housead complete
Wed Aug  7 15:53:55 2013 : http://www.rotary.org/en/Members/Events/Convention/Pages/ridefault.aspx?housead response code 200
Wed Aug  7 15:54:33 2013 : Started downloading http://rotaryclubofshimla.org/ 
Wed Aug  7 15:54:37 2013 : Downloading http://rotaryclubofshimla.org/ complete
Wed Aug  7 15:54:37 2013 : http://rotaryclubofshimla.org/ response code 200
Wed Aug  7 15:54:37 2013 : Started downloading http://www.rotary.org/en/Members/Events/Convention/Pages/ridefault.aspx?housead 
Wed Aug  7 15:54:47 2013 : Downloading http://www.rotary.org/en/Members/Events/Convention/Pages/ridefault.aspx?housead complete
Wed Aug  7 15:54:47 2013 : http://www.rotary.org/en/Members/Events/Convention/Pages/ridefault.aspx?housead response code 200
Wed Aug  7 15:54:47 2013 : Started downloading install.html 
Wed Aug  7 16:03:37 2013 : Started downloading http://rotaryclubofshimla.org/ 
Wed Aug  7 16:03:44 2013 : Downloading http://rotaryclubofshimla.org/ complete
Wed Aug  7 16:03:44 2013 : http://rotaryclubofshimla.org/ response code 200
Wed Aug  7 16:03:44 2013 : Started downloading http://rotaryclubofshimla.org//http://www.rotary.org/en/Members/Events/Convention/Pages/ridefault.aspx?housead 
Wed Aug  7 16:06:03 2013 : Started downloading http://rotaryclubofshimla.org/ 
Wed Aug  7 16:06:05 2013 : Downloading http://rotaryclubofshimla.org/ complete
Wed Aug  7 16:06:05 2013 : http://rotaryclubofshimla.org/ response code 200
Wed Aug  7 16:06:05 2013 : Started downloading http://www.rotary.org/en/Members/Events/Convention/Pages/ridefault.aspx?housead 
Wed Aug  7 16:06:16 2013 : Downloading http://www.rotary.org/en/Members/Events/Convention/Pages/ridefault.aspx?housead complete
Wed Aug  7 16:06:16 2013 : http://www.rotary.org/en/Members/Events/Convention/Pages/ridefault.aspx?housead response code 200
Wed Aug  7 16:06:16 2013 : Started downloading http://rotaryclubofshimla.org//install.html 
Wed Aug  7 16:06:19 2013 : Downloading http://rotaryclubofshimla.org//install.html complete
Wed Aug  7 16:06:19 2013 : http://rotaryclubofshimla.org//install.html response code 200
Wed Aug  7 16:06:19 2013 : Started downloading http://rotaryclubofshimla.org//udaan.html 
Wed Aug  7 16:06:22 2013 : Downloading http://rotaryclubofshimla.org//udaan.html complete
Wed Aug  7 16:06:22 2013 : http://rotaryclubofshimla.org//udaan.html response code 200
Wed Aug  7 16:06:22 2013 : Started downloading http://rotaryclubofshimla.org//blood.html 
Wed Aug  7 16:06:25 2013 : Downloading http://rotaryclubofshimla.org//blood.html complete
Wed Aug  7 16:06:25 2013 : http://rotaryclubofshimla.org//blood.html response code 200
Wed Aug  7 16:06:25 2013 : Started downloading http://rotaryclubofshimla.org//mybod.html 
Wed Aug  7 16:06:27 2013 : Downloading http://rotaryclubofshimla.org//mybod.html complete
Wed Aug  7 16:06:27 2013 : http://rotaryclubofshimla.org//mybod.html response code 200
Wed Aug  7 16:06:27 2013 : Started downloading http://rotaryclubofshimla.org//member.html 
Wed Aug  7 16:06:29 2013 : Downloading http://rotaryclubofshimla.org//member.html complete
Wed Aug  7 16:06:29 2013 : http://rotaryclubofshimla.org//member.html response code 200
Wed Aug  7 16:06:29 2013 : Started downloading http://rotaryclubofshimla.org//index.html 
Wed Aug  7 16:06:32 2013 : Downloading http://rotaryclubofshimla.org//index.html complete
Wed Aug  7 16:06:32 2013 : http://rotaryclubofshimla.org//index.html response code 200
Wed Aug  7 16:06:32 2013 : Started downloading http://rotaryclubofshimla.org//www.facebook.com 
Wed Aug  7 16:10:53 2013 : Started downloading http://www.juit.ac.in 
Wed Aug  7 16:10:53 2013 : Downloading http://www.juit.ac.in complete
Wed Aug  7 16:10:53 2013 : http://www.juit.ac.in response code 200
Wed Aug  7 16:10:53 2013 : Started downloading http://www.ugc.ac.in/page/Videos-Regarding-Ragging.aspx 
Wed Aug  7 16:10:54 2013 : Downloading http://www.ugc.ac.in/page/Videos-Regarding-Ragging.aspx complete
Wed Aug  7 16:10:54 2013 : http://www.ugc.ac.in/page/Videos-Regarding-Ragging.aspx response code 200
Wed Aug  7 16:10:54 2013 : Started downloading http://www.ugc.ac.in/subpage/Disclaimer.aspx 
Wed Aug  7 16:10:54 2013 : Downloading http://www.ugc.ac.in/subpage/Disclaimer.aspx complete
Wed Aug  7 16:10:54 2013 : http://www.ugc.ac.in/subpage/Disclaimer.aspx response code 200
Wed Aug  7 16:10:54 2013 : Started downloading http://www.juit.ac.in/../page/NAAC.aspx 
